<?xml version="1.0" encoding="UTF-8"?>
<!-- Generated by org.testng.reporters.JUnitXMLReporter -->
<testsuite hostname="AIPL2361LT06766" ignored="2" name="Default test" tests="1" failures="0" timestamp="04 Jun 2020 10:22:26 GMT" time="5.418" errors="0">
  <testcase name="googleSearch3" time="5.383" classname="WebElements.IllegalArgumentExceptionExample"/>
  <testcase name="googleSearch2" time="0.0" classname="WebElements.IllegalArgumentExceptionExample">
    <ignored/>
  </testcase> <!-- googleSearch2 -->
  <testcase name="googleSearch" time="0.0" classname="WebElements.IllegalArgumentExceptionExample">
    <ignored/>
  </testcase> <!-- googleSearch -->
</testsuite> <!-- Default test -->
