<?xml version="1.0" encoding="UTF-8"?>
<testng-results skipped="0" failed="0" ignored="2" total="3" passed="1">
  <reporter-output>
  </reporter-output>
  <suite name="Default suite" duration-ms="5418" started-at="2020-06-04T10:22:21Z" finished-at="2020-06-04T10:22:26Z">
    <groups>
    </groups>
    <test name="Default test" duration-ms="5418" started-at="2020-06-04T10:22:21Z" finished-at="2020-06-04T10:22:26Z">
      <class name="WebElements.IllegalArgumentExceptionExample">
        <test-method status="PASS" signature="googleSearch3()[pri:0, instance:WebElements.IllegalArgumentExceptionExample@91161c7]" name="googleSearch3" duration-ms="5383" started-at="2020-06-04T10:22:21Z" finished-at="2020-06-04T10:22:26Z">
          <reporter-output>
          </reporter-output>
        </test-method> <!-- googleSearch3 -->
      </class> <!-- WebElements.IllegalArgumentExceptionExample -->
    </test> <!-- Default test -->
  </suite> <!-- Default suite -->
</testng-results>
